f:\c++文件\teachingdemo\x64\debug\vc142.pdb
f:\c++文件\teachingdemo\x64\debug\vc142.idb
f:\c++文件\teachingdemo\x64\debug\算术运算_递增递减.obj
f:\c++文件\teachingdemo\x64\debug\算术运算_比较运算.obj
f:\c++文件\teachingdemo\x64\debug\算术运算_取模.obj
f:\c++文件\teachingdemo\x64\debug\算术运算_加减乘除.obj
f:\c++文件\teachingdemo\x64\debug\浮点类型示例.obj
f:\c++文件\teachingdemo\x64\debug\数组_数组定义类型示例1.obj
f:\c++文件\teachingdemo\x64\debug\数据输入.obj
f:\c++文件\teachingdemo\x64\debug\循环结构_嵌套循环.obj
f:\c++文件\teachingdemo\x64\debug\循环结构_while语句.obj
f:\c++文件\teachingdemo\x64\debug\循环结构_for语句.obj
f:\c++文件\teachingdemo\x64\debug\循环结构_do…while循环.obj
f:\c++文件\teachingdemo\x64\debug\常量示例.obj
f:\c++文件\teachingdemo\x64\debug\布尔类型示例.obj
f:\c++文件\teachingdemo\x64\debug\嵌套循环案例_乘法口诀表.obj
f:\c++文件\teachingdemo\x64\debug\字符型示例.obj
f:\c++文件\teachingdemo\x64\debug\字符串类型示例c.obj
f:\c++文件\teachingdemo\x64\debug\字符串类型示例c++.obj
f:\c++文件\teachingdemo\x64\debug\变量示例.obj
f:\c++文件\teachingdemo\x64\debug\sizeof示例.obj
f:\c++文件\teachingdemo\x64\debug\01 c++书写hello world.obj
f:\c++文件\teachingdemo\x64\debug\选择结构_嵌套if语句.obj
f:\c++文件\teachingdemo\x64\debug\选择结构_三目运算符.obj
f:\c++文件\teachingdemo\x64\debug\选择结构_switch语句.obj
f:\c++文件\teachingdemo\x64\debug\选择结构_if语句多行格式.obj
f:\c++文件\teachingdemo\x64\debug\选择结构_if语句多条件.obj
f:\c++文件\teachingdemo\x64\debug\选择结构_if语句单行格式.obj
f:\c++文件\teachingdemo\x64\debug\跳转语句_goto.obj
f:\c++文件\teachingdemo\x64\debug\跳转语句_continue.obj
f:\c++文件\teachingdemo\x64\debug\跳转语句_break示例3.obj
f:\c++文件\teachingdemo\x64\debug\跳转语句_break示例1.obj
f:\c++文件\teachingdemo\x64\debug\跳转语句_break示例2.obj
f:\c++文件\teachingdemo\x64\debug\赋值运算.obj
f:\c++文件\teachingdemo\x64\debug\练习案例猜数字.obj
f:\c++文件\teachingdemo\x64\debug\练习案例水仙花数.obj
f:\c++文件\teachingdemo\x64\debug\练习案例敲桌子.obj
f:\c++文件\teachingdemo\x64\debug\练习案例小猪称重.obj
f:\c++文件\teachingdemo\x64\debug\算术运算_逻辑运算.obj
f:\c++文件\teachingdemo\x64\debug\teachingdemo.ilk
f:\c++文件\teachingdemo\x64\debug\teachingdemo.exe
f:\c++文件\teachingdemo\x64\debug\teachingdemo.pdb
f:\c++文件\teachingdemo\x64\debug\teachingdemo.tlog\cl.command.1.tlog
f:\c++文件\teachingdemo\x64\debug\teachingdemo.tlog\cl.read.1.tlog
f:\c++文件\teachingdemo\x64\debug\teachingdemo.tlog\cl.write.1.tlog
f:\c++文件\teachingdemo\x64\debug\teachingdemo.tlog\link.command.1.tlog
f:\c++文件\teachingdemo\x64\debug\teachingdemo.tlog\link.read.1.tlog
f:\c++文件\teachingdemo\x64\debug\teachingdemo.tlog\link.write.1.tlog
