  01 C++书写Hello World.cpp
  sizeof示例.cpp
  变量示例.cpp
  字符串类型示例C++.cpp
  字符串类型示例C.cpp
  字符型示例.cpp
  家庭账本管理系统.cpp
  嵌套循环案例_乘法口诀表.cpp
  布尔类型示例.cpp
  常量示例.cpp
  循环结构_do…while循环.cpp
  循环结构_for语句.cpp
  循环结构_while语句.cpp
  循环结构_嵌套循环.cpp
  数据输入.cpp
  数组_数组名.cpp
F:\C++文件\C-Tutorial\数组_数组名.cpp(13,58): warning C4311: “类型强制转换”: 从“int *”到“int”的指针截断
F:\C++文件\C-Tutorial\数组_数组名.cpp(13,58): warning C4302: “类型强制转换”: 从“int *”到“int”截断
F:\C++文件\C-Tutorial\数组_数组名.cpp(14,65): warning C4311: “类型强制转换”: 从“int *”到“int”的指针截断
F:\C++文件\C-Tutorial\数组_数组名.cpp(14,65): warning C4302: “类型强制转换”: 从“int *”到“int”截断
F:\C++文件\C-Tutorial\数组_数组名.cpp(15,65): warning C4311: “类型强制转换”: 从“int *”到“int”的指针截断
F:\C++文件\C-Tutorial\数组_数组名.cpp(15,65): warning C4302: “类型强制转换”: 从“int *”到“int”截断
  数组_数组定义类型示例2.cpp
  数组_数组定义类型示例1.cpp
  数组_利用循环输出数组元素.cpp
  数组_数组定义类型示例3.cpp
  正在生成代码...
  正在编译...
  浮点类型示例.cpp
F:\C++文件\C-Tutorial\浮点类型示例.cpp(20,17): warning C4305: “初始化”: 从“double”到“float”截断
  算术运算_加减乘除.cpp
  算术运算_取模.cpp
  算术运算_比较运算.cpp
  算术运算_递增递减.cpp
  算术运算_逻辑运算.cpp
  练习案例五只小猪称体重.cpp
  练习案例小猪称重.cpp
  练习案例数组元素逆置.cpp
  练习案例敲桌子.cpp
  练习案例水仙花数.cpp
  练习案例猜数字.cpp
  赋值运算.cpp
  跳转语句_break示例2.cpp
  跳转语句_break示例1.cpp
  跳转语句_break示例3.cpp
  跳转语句_continue.cpp
  跳转语句_goto.cpp
  选择结构_if语句单行格式.cpp
  选择结构_if语句多条件.cpp
  正在生成代码...
  正在编译...
  选择结构_if语句多行格式.cpp
  选择结构_switch语句.cpp
  选择结构_三目运算符.cpp
  选择结构_嵌套if语句.cpp
  正在生成代码...
  TeachingDemo.vcxproj -> F:\C++文件\C-Tutorial\x64\Debug\TeachingDemo.exe
